**********************
Windows PowerShell transcript start
Start time: 20260719224910
Username: 九月的天选\CodexSandboxOffline
RunAs User: 九月的天选\CodexSandboxOffline
Configuration Name: 
Machine: 九月的天选 (Microsoft Windows NT 10.0.26200.0)
Host Application: powershell -ExecutionPolicy Bypass -File C:\Users\梁嘉纯\Desktop\2026年APMCM亚太地区大学生大模型竞赛赛题\2026年APMCM亚太地区大学生大模型竞赛赛题\B题\基线\2026APMCM\scripts\run_all_efficientnet_b1_50.ps1 -PythonExe ..\LCC_GPU\python.exe -?
Process ID: 20548
PSVersion: 5.1.26100.8875
PSEdition: Desktop
PSCompatibleVersions: 1.0, 2.0, 3.0, 4.0, 5.0, 5.1.26100.8875
BuildVersion: 10.0.26100.8875
CLRVersion: 4.0.30319.42000
WSManStackVersion: 3.0
PSRemotingProtocolVersion: 2.3
SerializationVersion: 1.1.0.1
**********************
Repo root: C:\Users\梁嘉纯\Desktop\2026年APMCM亚太地区大学生大模型竞赛赛题\2026年APMCM亚太地区大学生大模型竞赛赛题\B题\基线\2026APMCM
Python: C:\Users\梁嘉纯\Desktop\2026年APMCM亚太地区大学生大模型竞赛赛题\2026年APMCM亚太地区大学生大模型竞赛赛题\B题\基线\LCC_GPU\python.exe
Model: efficientnet_b1
Image size: 240
Epochs: 25
Batch size: 16
Num workers: 0
Trigger: top-2, margin <= 0.12
Single-model runs: 10
Tumor3 cascade runs: 10
Pairwise cascade runs: 30
Formal experiment outputs to produce: 50
Expert training runs to produce: 40

========== TRAIN MAIN: v2.0_pretrained_ce_b1 ==========

**********************
Windows PowerShell transcript end
End time: 20260719224911
**********************
